{
  "RSpec": {
    "coverage": {
      "/Users/carol/makers_projects/week-4/bookmark-manager/spec/bookmark_spec.rb": [
        1,
        null,
        1,
        2,
        null,
        1,
        1,
        1,
        null,
        null,
        null,
        null
      ],
      "/Users/carol/makers_projects/week-4/bookmark-manager/spec/features/click_bookmarks_spec.rb": [
        1,
        1,
        1,
        1,
        1,
        1,
        1,
        null,
        null
      ],
      "/Users/carol/makers_projects/week-4/bookmark-manager/spec/features/delete_bookmark_spec.rb": [
        1,
        1,
        1,
        1,
        1,
        null,
        null
      ],
      "/Users/carol/makers_projects/week-4/bookmark-manager/spec/features/edit_bookmark_spec.rb": [
        1,
        1,
        1,
        1,
        1,
        1,
        1,
        null,
        null
      ],
      "/Users/carol/makers_projects/week-4/bookmark-manager/spec/features/infastructure_spec.rb": [
        1,
        1,
        1,
        1,
        null,
        null
      ],
      "/Users/carol/makers_projects/week-4/bookmark-manager/spec/features/view_bookmarks_spec.rb": [
        1,
        1,
        1,
        1,
        null,
        null
      ],
      "/Users/carol/makers_projects/week-4/bookmark-manager/spec/features/web_helper_spec.rb": [
        1,
        3,
        3,
        3,
        null
      ]
    },
    "timestamp": 1546768673
  }
}
